Using pre-set license
Built from '2021.3/staging' branch; Version is '2021.3.7f1 (24e8595d6d43) revision 2418777'; Using compiler version '192829333'; Build Type 'Release'
OS: 'Windows 10  (10.0.19043) 64bit Professional' Language: 'ru' Physical Memory: 16332 MB
BatchMode: 1, IsHumanControllingUs: 0, StartBugReporterOnCrash: 0, Is64bit: 1, IsPro: 1

COMMAND LINE ARGUMENTS:
D:\Unity Versions\2021.3.7f1\Editor\Unity.exe
-adb2
-batchMode
-noUpm
-name
AssetImportWorker0
-projectPath
D:/bridg-constructor/BridgConstructor
-logFile
Logs/AssetImportWorker0.log
-srvPort
58295
Successfully changed project path to: D:/bridg-constructor/BridgConstructor
D:/bridg-constructor/BridgConstructor
[UnityMemory] Configuration Parameters - Can be set up in boot.config
    "memorysetup-bucket-allocator-granularity=16"
    "memorysetup-bucket-allocator-bucket-count=8"
    "memorysetup-bucket-allocator-block-size=33554432"
    "memorysetup-bucket-allocator-block-count=8"
    "memorysetup-main-allocator-block-size=16777216"
    "memorysetup-thread-allocator-block-size=16777216"
    "memorysetup-gfx-main-allocator-block-size=16777216"
    "memorysetup-gfx-thread-allocator-block-size=16777216"
    "memorysetup-cache-allocator-block-size=4194304"
    "memorysetup-typetree-allocator-block-size=2097152"
    "memorysetup-profiler-bucket-allocator-granularity=16"
    "memorysetup-profiler-bucket-allocator-bucket-count=8"
    "memorysetup-profiler-bucket-allocator-block-size=33554432"
    "memorysetup-profiler-bucket-allocator-block-count=8"
    "memorysetup-profiler-allocator-block-size=16777216"
    "memorysetup-profiler-editor-allocator-block-size=1048576"
    "memorysetup-temp-allocator-size-main=16777216"
    "memorysetup-job-temp-allocator-block-size=2097152"
    "memorysetup-job-temp-allocator-block-size-background=1048576"
    "memorysetup-job-temp-allocator-reduction-small-platforms=262144"
    "memorysetup-temp-allocator-size-background-worker=32768"
    "memorysetup-temp-allocator-size-job-worker=262144"
    "memorysetup-temp-allocator-size-preload-manager=33554432"
    "memorysetup-temp-allocator-size-nav-mesh-worker=65536"
    "memorysetup-temp-allocator-size-audio-worker=65536"
    "memorysetup-temp-allocator-size-cloud-worker=32768"
    "memorysetup-temp-allocator-size-gi-baking-worker=262144"
    "memorysetup-temp-allocator-size-gfx=262144"
Refreshing native plugins compatible for Editor in 137.16 ms, found 4 plugins.
Preloading 0 native plugins for Editor in 0.00 ms.
Initialize engine version: 2021.3.7f1 (24e8595d6d43)
[Subsystems] Discovering subsystems at path D:/Unity Versions/2021.3.7f1/Editor/Data/Resources/UnitySubsystems
[Subsystems] Discovering subsystems at path D:/bridg-constructor/BridgConstructor/Assets
GfxDevice: creating device client; threaded=0; jobified=0
Direct3D:
    Version:  Direct3D 11.0 [level 11.1]
    Renderer: NVIDIA GeForce GTX 1060 6GB (ID=0x1c03)
    Vendor:   NVIDIA
    VRAM:     6052 MB
    Driver:   30.0.15.1215
Initialize mono
Mono path[0] = 'D:/Unity Versions/2021.3.7f1/Editor/Data/Managed'
Mono path[1] = 'D:/Unity Versions/2021.3.7f1/Editor/Data/MonoBleedingEdge/lib/mono/unityjit-win32'
Mono config path = 'D:/Unity Versions/2021.3.7f1/Editor/Data/MonoBleedingEdge/etc'
Using monoOptions --debugger-agent=transport=dt_socket,embedding=1,server=y,suspend=n,address=127.0.0.1:56192
Begin MonoManager ReloadAssembly
Registering precompiled unity dll's ...
Register platform support module: D:/Unity Versions/2021.3.7f1/Editor/Data/PlaybackEngines/WebGLSupport/UnityEditor.WebGL.Extensions.dll
Register platform support module: D:/Unity Versions/2021.3.7f1/Editor/Data/PlaybackEngines/AndroidPlayer/UnityEditor.Android.Extensions.dll
Register platform support module: D:/Unity Versions/2021.3.7f1/Editor/Data/PlaybackEngines/WindowsStandaloneSupport/UnityEditor.WindowsStandalone.Extensions.dll
Register platform support module: D:/Unity Versions/2021.3.7f1/Editor/Data/PlaybackEngines/LinuxStandaloneSupport/UnityEditor.LinuxStandalone.Extensions.dll
Register platform support module: D:/Unity Versions/2021.3.7f1/Editor/Data/PlaybackEngines/MetroSupport/UnityEditor.UWP.Extensions.dll
Registered in 0.004973 seconds.
Native extension for UWP target not found
Native extension for LinuxStandalone target not found
Native extension for WindowsStandalone target not found
Native extension for Android target not found
Native extension for WebGL target not found
Refreshing native plugins compatible for Editor in 122.45 ms, found 4 plugins.
Preloading 0 native plugins for Editor in 0.00 ms.
Mono: successfully reloaded assembly
- Completed reload, in  0.829 seconds
Domain Reload Profiling:
	ReloadAssembly (829ms)
		BeginReloadAssembly (83ms)
			ExecutionOrderSort (0ms)
			DisableScriptedObjects (0ms)
			BackupInstance (0ms)
			ReleaseScriptingObjects (0ms)
			CreateAndSetChildDomain (1ms)
		EndReloadAssembly (612ms)
			LoadAssemblies (84ms)
			RebuildTransferFunctionScriptingTraits (0ms)
			SetupTypeCache (138ms)
			ReleaseScriptCaches (0ms)
			RebuildScriptCaches (33ms)
			SetupLoadedEditorAssemblies (382ms)
				LogAssemblyErrors (0ms)
				InitializePlatformSupportModulesInManaged (70ms)
				SetLoadedEditorAssemblies (0ms)
				RefreshPlugins (123ms)
				BeforeProcessingInitializeOnLoad (2ms)
				ProcessInitializeOnLoadAttributes (127ms)
				ProcessInitializeOnLoadMethodAttributes (60ms)
				AfterProcessingInitializeOnLoad (0ms)
				EditorAssembliesLoaded (0ms)
			ExecutionOrderSort2 (0ms)
			AwakeInstancesAfterBackupRestoration (0ms)
Platform modules already initialized, skipping
Registering precompiled user dll's ...
Registered in 0.007446 seconds.
Begin MonoManager ReloadAssembly
Symbol file LoadedFromMemory doesn't match image D:\bridg-constructor\BridgConstructor\Library\PackageCache\com.unity.visualscripting@1.7.8\Editor\VisualScripting.Core\Dependencies\YamlDotNet\Unity.VisualScripting.YamlDotNet.dll
Symbol file LoadedFromMemory doesn't match image D:\bridg-constructor\BridgConstructor\Library\PackageCache\com.unity.visualscripting@1.7.8\Editor\VisualScripting.Core\Dependencies\DotNetZip\Unity.VisualScripting.IonicZip.dll
Native extension for UWP target not found
Native extension for LinuxStandalone target not found
Native extension for WindowsStandalone target not found
Native extension for Android target not found
Native extension for WebGL target not found
Refreshing native plugins compatible for Editor in 141.49 ms, found 4 plugins.
Preloading 0 native plugins for Editor in 0.00 ms.
Mono: successfully reloaded assembly
- Completed reload, in  1.649 seconds
Domain Reload Profiling:
	ReloadAssembly (1650ms)
		BeginReloadAssembly (244ms)
			ExecutionOrderSort (0ms)
			DisableScriptedObjects (7ms)
			BackupInstance (0ms)
			ReleaseScriptingObjects (0ms)
			CreateAndSetChildDomain (133ms)
		EndReloadAssembly (1262ms)
			LoadAssemblies (98ms)
			RebuildTransferFunctionScriptingTraits (0ms)
			SetupTypeCache (325ms)
			ReleaseScriptCaches (1ms)
			RebuildScriptCaches (71ms)
			SetupLoadedEditorAssemblies (699ms)
				LogAssemblyErrors (0ms)
				InitializePlatformSupportModulesInManaged (21ms)
				SetLoadedEditorAssemblies (0ms)
				RefreshPlugins (142ms)
				BeforeProcessingInitializeOnLoad (118ms)
				ProcessInitializeOnLoadAttributes (362ms)
				ProcessInitializeOnLoadMethodAttributes (52ms)
				AfterProcessingInitializeOnLoad (3ms)
				EditorAssembliesLoaded (0ms)
			ExecutionOrderSort2 (0ms)
			AwakeInstancesAfterBackupRestoration (9ms)
Platform modules already initialized, skipping
========================================================================
Worker process is ready to serve import requests
Launched and connected shader compiler UnityShaderCompiler.exe after 0.05 seconds
Refreshing native plugins compatible for Editor in 0.92 ms, found 4 plugins.
Preloading 0 native plugins for Editor in 0.00 ms.
Unloading 4442 Unused Serialized files (Serialized files now loaded: 0)
Unloading 47 unused Assets / (222.6 KB). Loaded Objects now: 4897.
Memory consumption went from 167.2 MB to 167.0 MB.
Total: 5.327200 ms (FindLiveObjects: 0.500100 ms CreateObjectMapping: 0.131400 ms MarkObjects: 4.335600 ms  DeleteObjects: 0.358200 ms)

AssetImportParameters requested are different than current active one (requested -> active):
  custom:video-decoder-ogg-theora: a1e56fd34408186e4bbccfd4996cb3dc -> 
  custom:container-muxer-webm: aa71ff27fc2769a1b78a27578f13a17b -> 
  custom:container-demuxer-webm: 4f35f7cbe854078d1ac9338744f61a02 -> 
  custom:video-encoder-webm-vp8: eb34c28f22e8b96e1ab97ce403110664 -> 
  custom:video-codec-MediaFoundation-h265: e54d7ab0439102e2317fc1e4b246158d -> 
  custom:audio-encoder-webm-vorbis: bf7c407c2cedff20999df2af8eb42d56 -> 
  custom:framework-win-MediaFoundation: 216162199b28c13a410421893ffa2e32 -> 
  custom:container-demuxer-ogg: 62fdf1f143b41e24485cea50d1cbac27 -> 
  custom:video-decoder-webm-vp8: 9c59270c3fd7afecdb556c50c9e8de78 -> 
  custom:audio-decoder-ogg-vorbis: bf7c407c2cedff20999df2af8eb42d56 -> 
========================================================================
Received Import Request.
  Time since last request: 279.061456 seconds.
  path: Assets/Sprites/UI/grey_button08.png
  artifactKey: Guid(bc05b21dbc6da6947b7568a894ee8a3a) Importer(815301076,1909f56bfc062723c751e8b465ee728b)
Start importing Assets/Sprites/UI/grey_button08.png using Guid(bc05b21dbc6da6947b7568a894ee8a3a) Importer(815301076,1909f56bfc062723c751e8b465ee728b)  -> (artifact id: '6a0682a649cbef5b1b67b50daeca9f23') in 0.246658 seconds 
========================================================================
Received Import Request.
  Time since last request: 0.000030 seconds.
  path: Assets/Sprites/UI/grey_button04.png
  artifactKey: Guid(ce08cfb44e0ed9c4dbade22f84bdae55) Importer(815301076,1909f56bfc062723c751e8b465ee728b)
Start importing Assets/Sprites/UI/grey_button04.png using Guid(ce08cfb44e0ed9c4dbade22f84bdae55) Importer(815301076,1909f56bfc062723c751e8b465ee728b)  -> (artifact id: '4c1260e1c113e186a95ab279b5029d89') in 0.068718 seconds 
========================================================================
Received Import Request.
  Time since last request: 0.000033 seconds.
  path: Assets/Sprites/UI/grey_tickWhite.png
  artifactKey: Guid(42fc4da97fecdd94198a6efa85e056d0) Importer(815301076,1909f56bfc062723c751e8b465ee728b)
Start importing Assets/Sprites/UI/grey_tickWhite.png using Guid(42fc4da97fecdd94198a6efa85e056d0) Importer(815301076,1909f56bfc062723c751e8b465ee728b)  -> (artifact id: '610245e2632d34f24c4274d470e9ad7a') in 0.068973 seconds 
========================================================================
Received Import Request.
  Time since last request: 0.000026 seconds.
  path: Assets/Sprites/UI/grey_boxCheckmark.png
  artifactKey: Guid(d53e55b7e1cbe434dab48a7494821af9) Importer(815301076,1909f56bfc062723c751e8b465ee728b)
Start importing Assets/Sprites/UI/grey_boxCheckmark.png using Guid(d53e55b7e1cbe434dab48a7494821af9) Importer(815301076,1909f56bfc062723c751e8b465ee728b)  -> (artifact id: '5a6ad44b8d96903bb5bdc6383aeb0bf8') in 0.023515 seconds 
========================================================================
Received Import Request.
  Time since last request: 0.000029 seconds.
  path: Assets/Sprites/UI/grey_arrowDownGrey.png
  artifactKey: Guid(2297aa796fc1ca449bf4e3193a6be831) Importer(815301076,1909f56bfc062723c751e8b465ee728b)
Start importing Assets/Sprites/UI/grey_arrowDownGrey.png using Guid(2297aa796fc1ca449bf4e3193a6be831) Importer(815301076,1909f56bfc062723c751e8b465ee728b)  -> (artifact id: 'c21b46345ad33938026f997eb50ed142') in 0.057247 seconds 
========================================================================
Received Import Request.
  Time since last request: 0.000035 seconds.
  path: Assets/Sprites/UI/grey_sliderRight.png
  artifactKey: Guid(04f9b2179124bbf4fb6673408972b7b9) Importer(815301076,1909f56bfc062723c751e8b465ee728b)
Start importing Assets/Sprites/UI/grey_sliderRight.png using Guid(04f9b2179124bbf4fb6673408972b7b9) Importer(815301076,1909f56bfc062723c751e8b465ee728b)  -> (artifact id: '607405355526d3ee6ceb101204444fa1') in 0.080282 seconds 
========================================================================
Received Import Request.
  Time since last request: 0.000033 seconds.
  path: Assets/Sprites/UI/grey_button03.png
  artifactKey: Guid(63b725b471a19aa4c94a263a91f94b7f) Importer(815301076,1909f56bfc062723c751e8b465ee728b)
Start importing Assets/Sprites/UI/grey_button03.png using Guid(63b725b471a19aa4c94a263a91f94b7f) Importer(815301076,1909f56bfc062723c751e8b465ee728b)  -> (artifact id: '0b4eb9fa856981c5dc21c9b3972fad92') in 0.045813 seconds 
========================================================================
Received Import Request.
  Time since last request: 0.000038 seconds.
  path: Assets/Sprites/Robot/robot_yellowDamage1.png
  artifactKey: Guid(e337912396577274fa5cde6c4a7847a3) Importer(815301076,1909f56bfc062723c751e8b465ee728b)
Start importing Assets/Sprites/Robot/robot_yellowDamage1.png using Guid(e337912396577274fa5cde6c4a7847a3) Importer(815301076,1909f56bfc062723c751e8b465ee728b)  -> (artifact id: '415b48eef996548a2f36060796892e0f') in 0.065248 seconds 
========================================================================
Received Import Request.
  Time since last request: 0.000027 seconds.
  path: Assets/Sprites/UI/grey_checkmarkWhite.png
  artifactKey: Guid(41b7ade7d4dea3d47a9904b02869f56c) Importer(815301076,1909f56bfc062723c751e8b465ee728b)
Start importing Assets/Sprites/UI/grey_checkmarkWhite.png using Guid(41b7ade7d4dea3d47a9904b02869f56c) Importer(815301076,1909f56bfc062723c751e8b465ee728b)  -> (artifact id: '37d4084393d5f77a02c0f9d8f8449316') in 0.052800 seconds 
========================================================================
Received Import Request.
  Time since last request: 0.000030 seconds.
  path: Assets/Sprites/UI/grey_sliderEnd.png
  artifactKey: Guid(0186b3fe3c2ca32488e95badf98b4a97) Importer(815301076,1909f56bfc062723c751e8b465ee728b)
Start importing Assets/Sprites/UI/grey_sliderEnd.png using Guid(0186b3fe3c2ca32488e95badf98b4a97) Importer(815301076,1909f56bfc062723c751e8b465ee728b)  -> (artifact id: '75fd123f9428425f2ef2cabd3724bf63') in 0.052610 seconds 
========================================================================
Received Import Request.
  Time since last request: 0.000033 seconds.
  path: Assets/Sprites/Robot/robot_blueBody.png
  artifactKey: Guid(2cbdce4d09dac8e4f93678f810403257) Importer(815301076,1909f56bfc062723c751e8b465ee728b)
Start importing Assets/Sprites/Robot/robot_blueBody.png using Guid(2cbdce4d09dac8e4f93678f810403257) Importer(815301076,1909f56bfc062723c751e8b465ee728b)  -> (artifact id: '15ca58fcacda7e08bf4f807edd469ed6') in 0.038303 seconds 
========================================================================
Received Import Request.
  Time since last request: 0.000115 seconds.
  path: Assets/Sprites/UI/grey_arrowDownWhite.png
  artifactKey: Guid(b906f781470b09f49aa2ab9841db0b2b) Importer(815301076,1909f56bfc062723c751e8b465ee728b)
Start importing Assets/Sprites/UI/grey_arrowDownWhite.png using Guid(b906f781470b09f49aa2ab9841db0b2b) Importer(815301076,1909f56bfc062723c751e8b465ee728b)  -> (artifact id: 'b4d5e6563769026aec196119fabe4edf') in 0.029031 seconds 
========================================================================
Received Import Request.
  Time since last request: 0.000056 seconds.
  path: Assets/Sprites/UI/grey_crossWhite.png
  artifactKey: Guid(970aadb20a416774591dfa67a565ffce) Importer(815301076,1909f56bfc062723c751e8b465ee728b)
Start importing Assets/Sprites/UI/grey_crossWhite.png using Guid(970aadb20a416774591dfa67a565ffce) Importer(815301076,1909f56bfc062723c751e8b465ee728b)  -> (artifact id: '45eb9ae5b6078ebc3c9e288bc1848953') in 0.043279 seconds 
========================================================================
Received Import Request.
  Time since last request: 0.000025 seconds.
  path: Assets/Sprites/UI/grey_button00.png
  artifactKey: Guid(daec8e646f299f24a9676109064a5442) Importer(815301076,1909f56bfc062723c751e8b465ee728b)
Start importing Assets/Sprites/UI/grey_button00.png using Guid(daec8e646f299f24a9676109064a5442) Importer(815301076,1909f56bfc062723c751e8b465ee728b)  -> (artifact id: '5cd55ca7d1801b98803848627f880b72') in 0.053766 seconds 
========================================================================
Received Import Request.
  Time since last request: 0.000028 seconds.
  path: Assets/Sprites/UI/grey_button11.png
  artifactKey: Guid(18d5ffbe3eb3dcf4bae63e3c11a89e0f) Importer(815301076,1909f56bfc062723c751e8b465ee728b)
Start importing Assets/Sprites/UI/grey_button11.png using Guid(18d5ffbe3eb3dcf4bae63e3c11a89e0f) Importer(815301076,1909f56bfc062723c751e8b465ee728b)  -> (artifact id: 'c9328724a511f9c774967ca7102f8017') in 0.020721 seconds 
========================================================================
Received Import Request.
  Time since last request: 0.000034 seconds.
  path: Assets/Sprites/Robot/robot_greenDamage2.png
  artifactKey: Guid(ed977b12ebf8c3e4388c7c065785f080) Importer(815301076,1909f56bfc062723c751e8b465ee728b)
Start importing Assets/Sprites/Robot/robot_greenDamage2.png using Guid(ed977b12ebf8c3e4388c7c065785f080) Importer(815301076,1909f56bfc062723c751e8b465ee728b)  -> (artifact id: '1858dcb36c67de08f2e75d7859c92d7c') in 0.025895 seconds 
========================================================================
Received Import Request.
  Time since last request: 0.000038 seconds.
  path: Assets/Sprites/Robot/robot_greenDamage1.png
  artifactKey: Guid(09cce746b8ee24b48b2b6313ba6d8467) Importer(815301076,1909f56bfc062723c751e8b465ee728b)
Start importing Assets/Sprites/Robot/robot_greenDamage1.png using Guid(09cce746b8ee24b48b2b6313ba6d8467) Importer(815301076,1909f56bfc062723c751e8b465ee728b)  -> (artifact id: '51de137dc7a86910a1ad29834e310a9b') in 0.057147 seconds 
========================================================================
Received Import Request.
  Time since last request: 0.000027 seconds.
  path: Assets/Sprites/Envoirment/Bridg/tile_0023.png
  artifactKey: Guid(202dfa0d43323ba46ac8a9aabed62a68) Importer(815301076,1909f56bfc062723c751e8b465ee728b)
Start importing Assets/Sprites/Envoirment/Bridg/tile_0023.png using Guid(202dfa0d43323ba46ac8a9aabed62a68) Importer(815301076,1909f56bfc062723c751e8b465ee728b)  -> (artifact id: '012de2a71986060bdcfcf796ca4049d3') in 0.145364 seconds 
========================================================================
Received Import Request.
  Time since last request: 0.000051 seconds.
  path: Assets/Sprites/UI/grey_sliderVertical.png
  artifactKey: Guid(b0b8caad3cd18d041b9f5ac076cfd0f5) Importer(815301076,1909f56bfc062723c751e8b465ee728b)
Start importing Assets/Sprites/UI/grey_sliderVertical.png using Guid(b0b8caad3cd18d041b9f5ac076cfd0f5) Importer(815301076,1909f56bfc062723c751e8b465ee728b)  -> (artifact id: 'ed34c0bced3649bc739dc1a3e7bd8f94') in 0.045361 seconds 
========================================================================
Received Import Request.
  Time since last request: 0.000025 seconds.
  path: Assets/Sprites/Envoirment/Bridg/tile_0016.png
  artifactKey: Guid(30beb30da3949a04a926c02d0cb79f50) Importer(815301076,1909f56bfc062723c751e8b465ee728b)
Start importing Assets/Sprites/Envoirment/Bridg/tile_0016.png using Guid(30beb30da3949a04a926c02d0cb79f50) Importer(815301076,1909f56bfc062723c751e8b465ee728b)  -> (artifact id: '80f5826ac0ab17a3efd78c060443cc85') in 0.044934 seconds 
========================================================================
Received Import Request.
  Time since last request: 0.000027 seconds.
  path: Assets/Sprites/UI/grey_button02.png
  artifactKey: Guid(376ac4f72818d104fbd0c45a3b879a35) Importer(815301076,1909f56bfc062723c751e8b465ee728b)
Start importing Assets/Sprites/UI/grey_button02.png using Guid(376ac4f72818d104fbd0c45a3b879a35) Importer(815301076,1909f56bfc062723c751e8b465ee728b)  -> (artifact id: '5b6f7bc4c3bd7d4aaccdecddc18a6a64') in 0.034106 seconds 
========================================================================
Received Import Request.
  Time since last request: 0.000035 seconds.
  path: Assets/Sprites/UI/grey_checkmarkGrey.png
  artifactKey: Guid(4e194b9c97e5cf94591433288fe91c83) Importer(815301076,1909f56bfc062723c751e8b465ee728b)
Start importing Assets/Sprites/UI/grey_checkmarkGrey.png using Guid(4e194b9c97e5cf94591433288fe91c83) Importer(815301076,1909f56bfc062723c751e8b465ee728b)  -> (artifact id: '6907d56847a1b7806d36d909281de3a5') in 0.056881 seconds 
========================================================================
Received Import Request.
  Time since last request: 1.145753 seconds.
  path: Assets/Sprites/Envoirment/Island/tile_0031.png
  artifactKey: Guid(2c99a64a0f7132c49817cdb0947a767c) Importer(815301076,1909f56bfc062723c751e8b465ee728b)
Start importing Assets/Sprites/Envoirment/Island/tile_0031.png using Guid(2c99a64a0f7132c49817cdb0947a767c) Importer(815301076,1909f56bfc062723c751e8b465ee728b)  -> (artifact id: 'a577baf53e8bd21b1ae516dcb134466f') in 0.029548 seconds 
========================================================================
Received Import Request.
  Time since last request: 0.000030 seconds.
  path: Assets/Sprites/Envoirment/Island/tile_0037.png
  artifactKey: Guid(454c64806b071df4b96fa29de8640df5) Importer(815301076,1909f56bfc062723c751e8b465ee728b)
Start importing Assets/Sprites/Envoirment/Island/tile_0037.png using Guid(454c64806b071df4b96fa29de8640df5) Importer(815301076,1909f56bfc062723c751e8b465ee728b)  -> (artifact id: '3fd9bc4c710b56d173cceb8557a1c21c') in 0.018492 seconds 
========================================================================
Received Prepare
Registering precompiled user dll's ...
Registered in 0.007082 seconds.
Begin MonoManager ReloadAssembly
Symbol file LoadedFromMemory doesn't match image D:\bridg-constructor\BridgConstructor\Library\PackageCache\com.unity.visualscripting@1.7.8\Editor\VisualScripting.Core\Dependencies\YamlDotNet\Unity.VisualScripting.YamlDotNet.dll
Symbol file LoadedFromMemory doesn't match image D:\bridg-constructor\BridgConstructor\Library\PackageCache\com.unity.visualscripting@1.7.8\Editor\VisualScripting.Core\Dependencies\DotNetZip\Unity.VisualScripting.IonicZip.dll
Native extension for UWP target not found
Native extension for LinuxStandalone target not found
Native extension for WindowsStandalone target not found
Native extension for Android target not found
Native extension for WebGL target not found
Refreshing native plugins compatible for Editor in 1.84 ms, found 4 plugins.
Preloading 0 native plugins for Editor in 0.00 ms.
Mono: successfully reloaded assembly
- Completed reload, in  1.957 seconds
Domain Reload Profiling:
	ReloadAssembly (1958ms)
		BeginReloadAssembly (276ms)
			ExecutionOrderSort (0ms)
			DisableScriptedObjects (12ms)
			BackupInstance (0ms)
			ReleaseScriptingObjects (0ms)
			CreateAndSetChildDomain (81ms)
		EndReloadAssembly (1480ms)
			LoadAssemblies (180ms)
			RebuildTransferFunctionScriptingTraits (0ms)
			SetupTypeCache (474ms)
			ReleaseScriptCaches (3ms)
			RebuildScriptCaches (76ms)
			SetupLoadedEditorAssemblies (699ms)
				LogAssemblyErrors (0ms)
				InitializePlatformSupportModulesInManaged (40ms)
				SetLoadedEditorAssemblies (1ms)
				RefreshPlugins (2ms)
				BeforeProcessingInitializeOnLoad (122ms)
				ProcessInitializeOnLoadAttributes (463ms)
				ProcessInitializeOnLoadMethodAttributes (65ms)
				AfterProcessingInitializeOnLoad (5ms)
				EditorAssembliesLoaded (0ms)
			ExecutionOrderSort2 (0ms)
			AwakeInstancesAfterBackupRestoration (15ms)
Platform modules already initialized, skipping
Refreshing native plugins compatible for Editor in 3.70 ms, found 4 plugins.
Preloading 0 native plugins for Editor in 0.00 ms.
Unloading 4424 Unused Serialized files (Serialized files now loaded: 0)
Unloading 32 unused Assets / (189.7 KB). Loaded Objects now: 4938.
Memory consumption went from 170.2 MB to 170.0 MB.
Total: 5.939700 ms (FindLiveObjects: 0.454400 ms CreateObjectMapping: 0.191400 ms MarkObjects: 5.096300 ms  DeleteObjects: 0.196200 ms)

AssetImportParameters requested are different than current active one (requested -> active):
  custom:video-decoder-ogg-theora: a1e56fd34408186e4bbccfd4996cb3dc -> 
  custom:container-muxer-webm: aa71ff27fc2769a1b78a27578f13a17b -> 
  custom:container-demuxer-webm: 4f35f7cbe854078d1ac9338744f61a02 -> 
  custom:video-encoder-webm-vp8: eb34c28f22e8b96e1ab97ce403110664 -> 
  custom:video-codec-MediaFoundation-h265: e54d7ab0439102e2317fc1e4b246158d -> 
  custom:audio-encoder-webm-vorbis: bf7c407c2cedff20999df2af8eb42d56 -> 
  custom:framework-win-MediaFoundation: 216162199b28c13a410421893ffa2e32 -> 
  custom:container-demuxer-ogg: 62fdf1f143b41e24485cea50d1cbac27 -> 
  custom:video-decoder-webm-vp8: 9c59270c3fd7afecdb556c50c9e8de78 -> 
  custom:audio-decoder-ogg-vorbis: bf7c407c2cedff20999df2af8eb42d56 -> 
Editor requested this worker to shutdown with reason: Scaling down because of idle timeout
AssetImportWorker is now disconnected from the server
Process exiting
Exiting without the bug reporter. Application will terminate with return code 0