Using pre-set license
Built from '2021.3/staging' branch; Version is '2021.3.7f1 (24e8595d6d43) revision 2418777'; Using compiler version '192829333'; Build Type 'Release'
OS: 'Windows 10  (10.0.19043) 64bit Professional' Language: 'ru' Physical Memory: 16332 MB
BatchMode: 1, IsHumanControllingUs: 0, StartBugReporterOnCrash: 0, Is64bit: 1, IsPro: 1

COMMAND LINE ARGUMENTS:
D:\Unity Versions\2021.3.7f1\Editor\Unity.exe
-adb2
-batchMode
-noUpm
-name
AssetImportWorker0
-projectPath
D:/bridg-constructor/BridgConstructor
-logFile
Logs/AssetImportWorker0.log
-srvPort
63800
Successfully changed project path to: D:/bridg-constructor/BridgConstructor
D:/bridg-constructor/BridgConstructor
[UnityMemory] Configuration Parameters - Can be set up in boot.config
    "memorysetup-bucket-allocator-granularity=16"
    "memorysetup-bucket-allocator-bucket-count=8"
    "memorysetup-bucket-allocator-block-size=33554432"
    "memorysetup-bucket-allocator-block-count=8"
    "memorysetup-main-allocator-block-size=16777216"
    "memorysetup-thread-allocator-block-size=16777216"
    "memorysetup-gfx-main-allocator-block-size=16777216"
    "memorysetup-gfx-thread-allocator-block-size=16777216"
    "memorysetup-cache-allocator-block-size=4194304"
    "memorysetup-typetree-allocator-block-size=2097152"
    "memorysetup-profiler-bucket-allocator-granularity=16"
    "memorysetup-profiler-bucket-allocator-bucket-count=8"
    "memorysetup-profiler-bucket-allocator-block-size=33554432"
    "memorysetup-profiler-bucket-allocator-block-count=8"
    "memorysetup-profiler-allocator-block-size=16777216"
    "memorysetup-profiler-editor-allocator-block-size=1048576"
    "memorysetup-temp-allocator-size-main=16777216"
    "memorysetup-job-temp-allocator-block-size=2097152"
    "memorysetup-job-temp-allocator-block-size-background=1048576"
    "memorysetup-job-temp-allocator-reduction-small-platforms=262144"
    "memorysetup-temp-allocator-size-background-worker=32768"
    "memorysetup-temp-allocator-size-job-worker=262144"
    "memorysetup-temp-allocator-size-preload-manager=33554432"
    "memorysetup-temp-allocator-size-nav-mesh-worker=65536"
    "memorysetup-temp-allocator-size-audio-worker=65536"
    "memorysetup-temp-allocator-size-cloud-worker=32768"
    "memorysetup-temp-allocator-size-gi-baking-worker=262144"
    "memorysetup-temp-allocator-size-gfx=262144"
Refreshing native plugins compatible for Editor in 113.11 ms, found 4 plugins.
Preloading 0 native plugins for Editor in 0.00 ms.
Initialize engine version: 2021.3.7f1 (24e8595d6d43)
[Subsystems] Discovering subsystems at path D:/Unity Versions/2021.3.7f1/Editor/Data/Resources/UnitySubsystems
[Subsystems] Discovering subsystems at path D:/bridg-constructor/BridgConstructor/Assets
GfxDevice: creating device client; threaded=0; jobified=0
Direct3D:
    Version:  Direct3D 11.0 [level 11.1]
    Renderer: NVIDIA GeForce GTX 1060 6GB (ID=0x1c03)
    Vendor:   NVIDIA
    VRAM:     6052 MB
    Driver:   30.0.15.1215
Initialize mono
Mono path[0] = 'D:/Unity Versions/2021.3.7f1/Editor/Data/Managed'
Mono path[1] = 'D:/Unity Versions/2021.3.7f1/Editor/Data/MonoBleedingEdge/lib/mono/unityjit-win32'
Mono config path = 'D:/Unity Versions/2021.3.7f1/Editor/Data/MonoBleedingEdge/etc'
Using monoOptions --debugger-agent=transport=dt_socket,embedding=1,server=y,suspend=n,address=127.0.0.1:56136
Begin MonoManager ReloadAssembly
Registering precompiled unity dll's ...
Register platform support module: D:/Unity Versions/2021.3.7f1/Editor/Data/PlaybackEngines/WebGLSupport/UnityEditor.WebGL.Extensions.dll
Register platform support module: D:/Unity Versions/2021.3.7f1/Editor/Data/PlaybackEngines/AndroidPlayer/UnityEditor.Android.Extensions.dll
Register platform support module: D:/Unity Versions/2021.3.7f1/Editor/Data/PlaybackEngines/WindowsStandaloneSupport/UnityEditor.WindowsStandalone.Extensions.dll
Register platform support module: D:/Unity Versions/2021.3.7f1/Editor/Data/PlaybackEngines/LinuxStandaloneSupport/UnityEditor.LinuxStandalone.Extensions.dll
Register platform support module: D:/Unity Versions/2021.3.7f1/Editor/Data/PlaybackEngines/MetroSupport/UnityEditor.UWP.Extensions.dll
Registered in 0.004846 seconds.
Native extension for UWP target not found
Native extension for LinuxStandalone target not found
Native extension for WindowsStandalone target not found
Native extension for Android target not found
Native extension for WebGL target not found
Refreshing native plugins compatible for Editor in 113.35 ms, found 4 plugins.
Preloading 0 native plugins for Editor in 0.00 ms.
Mono: successfully reloaded assembly
- Completed reload, in  0.775 seconds
Domain Reload Profiling:
	ReloadAssembly (775ms)
		BeginReloadAssembly (81ms)
			ExecutionOrderSort (0ms)
			DisableScriptedObjects (0ms)
			BackupInstance (0ms)
			ReleaseScriptingObjects (0ms)
			CreateAndSetChildDomain (1ms)
		EndReloadAssembly (574ms)
			LoadAssemblies (81ms)
			RebuildTransferFunctionScriptingTraits (0ms)
			SetupTypeCache (126ms)
			ReleaseScriptCaches (0ms)
			RebuildScriptCaches (30ms)
			SetupLoadedEditorAssemblies (358ms)
				LogAssemblyErrors (0ms)
				InitializePlatformSupportModulesInManaged (69ms)
				SetLoadedEditorAssemblies (0ms)
				RefreshPlugins (113ms)
				BeforeProcessingInitializeOnLoad (2ms)
				ProcessInitializeOnLoadAttributes (117ms)
				ProcessInitializeOnLoadMethodAttributes (56ms)
				AfterProcessingInitializeOnLoad (0ms)
				EditorAssembliesLoaded (0ms)
			ExecutionOrderSort2 (0ms)
			AwakeInstancesAfterBackupRestoration (0ms)
Platform modules already initialized, skipping
Registering precompiled user dll's ...
Registered in 0.007124 seconds.
Begin MonoManager ReloadAssembly
Native extension for UWP target not found
Native extension for LinuxStandalone target not found
Native extension for WindowsStandalone target not found
Native extension for Android target not found
Native extension for WebGL target not found
Refreshing native plugins compatible for Editor in 120.54 ms, found 4 plugins.
Preloading 0 native plugins for Editor in 0.00 ms.
Mono: successfully reloaded assembly
- Completed reload, in  1.562 seconds
Domain Reload Profiling:
	ReloadAssembly (1563ms)
		BeginReloadAssembly (230ms)
			ExecutionOrderSort (0ms)
			DisableScriptedObjects (7ms)
			BackupInstance (0ms)
			ReleaseScriptingObjects (0ms)
			CreateAndSetChildDomain (127ms)
		EndReloadAssembly (1181ms)
			LoadAssemblies (95ms)
			RebuildTransferFunctionScriptingTraits (0ms)
			SetupTypeCache (300ms)
			ReleaseScriptCaches (1ms)
			RebuildScriptCaches (77ms)
			SetupLoadedEditorAssemblies (653ms)
				LogAssemblyErrors (0ms)
				InitializePlatformSupportModulesInManaged (17ms)
				SetLoadedEditorAssemblies (0ms)
				RefreshPlugins (121ms)
				BeforeProcessingInitializeOnLoad (113ms)
				ProcessInitializeOnLoadAttributes (349ms)
				ProcessInitializeOnLoadMethodAttributes (49ms)
				AfterProcessingInitializeOnLoad (4ms)
				EditorAssembliesLoaded (0ms)
			ExecutionOrderSort2 (0ms)
			AwakeInstancesAfterBackupRestoration (8ms)
Platform modules already initialized, skipping
========================================================================
Worker process is ready to serve import requests
Launched and connected shader compiler UnityShaderCompiler.exe after 0.05 seconds
Refreshing native plugins compatible for Editor in 0.88 ms, found 4 plugins.
Preloading 0 native plugins for Editor in 0.00 ms.
Unloading 4404 Unused Serialized files (Serialized files now loaded: 0)
Unloading 47 unused Assets / (222.3 KB). Loaded Objects now: 4858.
Memory consumption went from 164.2 MB to 164.0 MB.
Total: 4.133100 ms (FindLiveObjects: 0.397600 ms CreateObjectMapping: 0.119500 ms MarkObjects: 3.438800 ms  DeleteObjects: 0.176300 ms)

AssetImportParameters requested are different than current active one (requested -> active):
  custom:video-decoder-ogg-theora: a1e56fd34408186e4bbccfd4996cb3dc -> 
  custom:container-muxer-webm: aa71ff27fc2769a1b78a27578f13a17b -> 
  custom:container-demuxer-webm: 4f35f7cbe854078d1ac9338744f61a02 -> 
  custom:video-encoder-webm-vp8: eb34c28f22e8b96e1ab97ce403110664 -> 
  custom:video-codec-MediaFoundation-h265: e54d7ab0439102e2317fc1e4b246158d -> 
  custom:audio-encoder-webm-vorbis: bf7c407c2cedff20999df2af8eb42d56 -> 
  custom:framework-win-MediaFoundation: 216162199b28c13a410421893ffa2e32 -> 
  custom:container-demuxer-ogg: 62fdf1f143b41e24485cea50d1cbac27 -> 
  custom:video-decoder-webm-vp8: 9c59270c3fd7afecdb556c50c9e8de78 -> 
  custom:audio-decoder-ogg-vorbis: bf7c407c2cedff20999df2af8eb42d56 -> 
========================================================================
Received Import Request.
  Time since last request: 36813.589428 seconds.
  path: Assets
  artifactKey: Guid(00000000000000001000000000000000) Importer(815301076,1909f56bfc062723c751e8b465ee728b)
Start importing Assets using Guid(00000000000000001000000000000000) Importer(815301076,1909f56bfc062723c751e8b465ee728b)  -> (artifact id: '79842766b460edbeab6a34051e857a80') in 0.013232 seconds 
========================================================================
Received Import Request.
  Time since last request: 0.598063 seconds.
  path: Assets/sprites
  artifactKey: Guid(982616f712d58684893f2b2206f3e613) Importer(815301076,1909f56bfc062723c751e8b465ee728b)
Start importing Assets/sprites using Guid(982616f712d58684893f2b2206f3e613) Importer(815301076,1909f56bfc062723c751e8b465ee728b)  -> (artifact id: 'f0c068618140972c7cfbffffa4a1e9fc') in 0.006556 seconds 
========================================================================
Received Import Request.
  Time since last request: 15.375694 seconds.
  path: Assets/Scenes
  artifactKey: Guid(131a6b21c8605f84396be9f6751fb6e3) Importer(815301076,1909f56bfc062723c751e8b465ee728b)
Start importing Assets/Scenes using Guid(131a6b21c8605f84396be9f6751fb6e3) Importer(815301076,1909f56bfc062723c751e8b465ee728b)  -> (artifact id: '2c23e514d24f6b65fe96946cd87fc526') in 0.006173 seconds 
========================================================================
Received Import Request.
  Time since last request: 0.352244 seconds.
  path: Assets/sprites/robot_redBody.png
  artifactKey: Guid(86357a11188002c499bcd87a13e9e81d) Importer(815301076,1909f56bfc062723c751e8b465ee728b)
Start importing Assets/sprites/robot_redBody.png using Guid(86357a11188002c499bcd87a13e9e81d) Importer(815301076,1909f56bfc062723c751e8b465ee728b)  -> (artifact id: '8e8d19ca3532c75232976ac7960292f3') in 0.170218 seconds 
========================================================================
Received Import Request.
  Time since last request: 0.000040 seconds.
  path: Assets/sprites/tracks_short2.png
  artifactKey: Guid(bddcf127ef737b547a610371bb4bdfd1) Importer(815301076,1909f56bfc062723c751e8b465ee728b)
Start importing Assets/sprites/tracks_short2.png using Guid(bddcf127ef737b547a610371bb4bdfd1) Importer(815301076,1909f56bfc062723c751e8b465ee728b)  -> (artifact id: '5034476bbe3e1ec7ffc7574e3794dc93') in 0.026135 seconds 
========================================================================
Received Import Request.
  Time since last request: 0.000041 seconds.
  path: Assets/sprites/tracks_back1.png
  artifactKey: Guid(3bb6745fd6914854a8fae79471166135) Importer(815301076,1909f56bfc062723c751e8b465ee728b)
Start importing Assets/sprites/tracks_back1.png using Guid(3bb6745fd6914854a8fae79471166135) Importer(815301076,1909f56bfc062723c751e8b465ee728b)  -> (artifact id: '32f5a4a55249d853d66fe7785e04abb9') in 0.021020 seconds 
========================================================================
Received Import Request.
  Time since last request: 0.000034 seconds.
  path: Assets/sprites/tracks_short1.png
  artifactKey: Guid(ef77262acce8e2849b06aeb7b2d55036) Importer(815301076,1909f56bfc062723c751e8b465ee728b)
Start importing Assets/sprites/tracks_short1.png using Guid(ef77262acce8e2849b06aeb7b2d55036) Importer(815301076,1909f56bfc062723c751e8b465ee728b)  -> (artifact id: '879d4cb33830e179f8fc901d82d7275e') in 0.023520 seconds 
========================================================================
Received Import Request.
  Time since last request: 0.000035 seconds.
  path: Assets/sprites/tracks_long2.png
  artifactKey: Guid(2e629539fc5d46543bd1a140bd215d88) Importer(815301076,1909f56bfc062723c751e8b465ee728b)
Start importing Assets/sprites/tracks_long2.png using Guid(2e629539fc5d46543bd1a140bd215d88) Importer(815301076,1909f56bfc062723c751e8b465ee728b)  -> (artifact id: '822e201a41c473152b107175358a2061') in 0.019361 seconds 
========================================================================
Received Import Request.
  Time since last request: 17.949886 seconds.
  path: Assets/sprites/robot_blueDamage1.png
  artifactKey: Guid(757de5f0c117da74e97340e0c9bde7a2) Importer(815301076,1909f56bfc062723c751e8b465ee728b)
Start importing Assets/sprites/robot_blueDamage1.png using Guid(757de5f0c117da74e97340e0c9bde7a2) Importer(815301076,1909f56bfc062723c751e8b465ee728b)  -> (artifact id: '1b329d0e52a4b77b2438e360171ead52') in 0.025587 seconds 
========================================================================
Received Import Request.
  Time since last request: 0.000039 seconds.
  path: Assets/sprites/robot_yellowBody.png
  artifactKey: Guid(1810bdcf43586964883533947ab7968e) Importer(815301076,1909f56bfc062723c751e8b465ee728b)
Start importing Assets/sprites/robot_yellowBody.png using Guid(1810bdcf43586964883533947ab7968e) Importer(815301076,1909f56bfc062723c751e8b465ee728b)  -> (artifact id: 'ee228e54cc7207348f088883af744282') in 0.021286 seconds 
========================================================================
Received Import Request.
  Time since last request: 0.000034 seconds.
  path: Assets/sprites/robot_greenDamage1.png
  artifactKey: Guid(09cce746b8ee24b48b2b6313ba6d8467) Importer(815301076,1909f56bfc062723c751e8b465ee728b)
Start importing Assets/sprites/robot_greenDamage1.png using Guid(09cce746b8ee24b48b2b6313ba6d8467) Importer(815301076,1909f56bfc062723c751e8b465ee728b)  -> (artifact id: 'd2307fc45f33eca22630f1dab1955e8a') in 0.022029 seconds 
========================================================================
Received Import Request.
  Time since last request: 0.000040 seconds.
  path: Assets/sprites/robot_greenHurt.png
  artifactKey: Guid(fb863f43600ae4a419340476552166ec) Importer(815301076,1909f56bfc062723c751e8b465ee728b)
Start importing Assets/sprites/robot_greenHurt.png using Guid(fb863f43600ae4a419340476552166ec) Importer(815301076,1909f56bfc062723c751e8b465ee728b)  -> (artifact id: '4440e4c458ecee9cfa1e3279d82e4364') in 0.016768 seconds 
========================================================================
Received Import Request.
  Time since last request: 0.000041 seconds.
  path: Assets/sprites/robot_yellowHurt.png
  artifactKey: Guid(30a41b54c66e26646836dd7da24578ed) Importer(815301076,1909f56bfc062723c751e8b465ee728b)
Start importing Assets/sprites/robot_yellowHurt.png using Guid(30a41b54c66e26646836dd7da24578ed) Importer(815301076,1909f56bfc062723c751e8b465ee728b)  -> (artifact id: '036176de39a43604d171a1bff9b5cb2f') in 0.020136 seconds 
Editor requested this worker to shutdown with reason: Scaling down because of idle timeout
AssetImportWorker is now disconnected from the server
Process exiting
Exiting without the bug reporter. Application will terminate with return code 0